Daemon process terminated and closed the connection

Messages from the log:
[NX Daemon Server] - 2024-09-19T06:15:46.425Z - Established a connection. Number of open connections: 2
[NX Daemon Server] - 2024-09-19T06:15:46.427Z - Closed a connection. Number of open connections: 1
[NX Daemon Server] - 2024-09-19T06:15:46.427Z - Established a connection. Number of open connections: 2
[NX Daemon Server] - 2024-09-19T06:15:46.428Z - [REQUEST]: Client Request for Project Graph Received
[NX Daemon Server] - 2024-09-19T06:15:46.433Z - Established a connection. Number of open connections: 3
[NX Daemon Server] - 2024-09-19T06:15:46.433Z - Closed a connection. Number of open connections: 2
[NX Daemon Server] - 2024-09-19T06:15:46.434Z - [REQUEST]: Client Request for Project Graph Received
[NX Daemon Server] - 2024-09-19T06:15:46.626Z - [REQUEST]: Updated workspace context based on watched changes, recomputing project graph...
[NX Daemon Server] - 2024-09-19T06:15:46.626Z - [REQUEST]: 
[NX Daemon Server] - 2024-09-19T06:15:46.626Z - [REQUEST]: 
[NX Daemon Server] - 2024-09-19T06:15:46.634Z - Time taken for 'loadNxPlugins' 190.78858300000002ms
[NX Daemon Server] - 2024-09-19T06:15:46.634Z - Time taken for 'loadNxPlugins' 199.80087500000002ms
[NX Daemon Server] - 2024-09-19T06:15:46.632Z - Started listening on: /var/folders/39/z4z53sqx31xfsr2k5rq6xc480000gn/T/27795aa661e0ce3b9206/d.sock
[NX Daemon Server] - 2024-09-19T06:15:46.636Z - [WATCHER]: Subscribed to changes within: /Users/omardalgamuni/projects/layout (native)
[NX Daemon Server] - 2024-09-19T06:15:46.666Z - Time taken for 'build-project-configs' 21.098792000000003ms
[NX Daemon Server] - 2024-09-19T06:15:46.678Z - [SYNC]: collect registered sync generators
[NX Daemon Server] - 2024-09-19T06:15:46.679Z - [REQUEST]: Responding to the client. project-graph
[NX Daemon Server] - 2024-09-19T06:15:46.679Z - [REQUEST]: Responding to the client. project-graph
[NX Daemon Server] - 2024-09-19T06:15:46.679Z - Time taken for 'total for creating and serializing project graph' 244.93220800000003ms



More information: /Users/omardalgamuni/projects/layout/.nx/workspace-data/d/daemon.log